eigen 1 run started
------------------------------------
PCAngsd v1.36.1
Jonas Meisner and Anders Albrechtsen
Using 5 thread(s)
------------------------------------

Parsing Beagle file.
Loaded 742006 sites and 324 samples.
Estimating minor allele frequencies.
EM (MAF) converged at iteration: 18
Number of sites after MAF filtering (0.05): 742006

Estimating covariance matrix.
Using 1 principal components (MAP test).
Individual allele frequencies estimated (1).
Individual allele frequencies estimated (2).	RMSE=0.0026353
Individual allele frequencies estimated (3).	RMSE=0.0016117
Individual allele frequencies estimated (4).	RMSE=0.1111055
Individual allele frequencies estimated (5).	RMSE=0.0008357
Individual allele frequencies estimated (6).	RMSE=0.0006649
Individual allele frequencies estimated (7).	RMSE=0.0005501
Individual allele frequencies estimated (8).	RMSE=0.0004674
Individual allele frequencies estimated (9).	RMSE=0.0004048
Individual allele frequencies estimated (10).	RMSE=0.0003555
Individual allele frequencies estimated (11).	RMSE=0.0003154
Individual allele frequencies estimated (12).	RMSE=0.0002820
Individual allele frequencies estimated (13).	RMSE=0.0002537
Individual allele frequencies estimated (14).	RMSE=0.0002295
Individual allele frequencies estimated (15).	RMSE=0.0002084
Individual allele frequencies estimated (16).	RMSE=0.0001900
Individual allele frequencies estimated (17).	RMSE=0.1111110
Individual allele frequencies estimated (18).	RMSE=0.0001592
Individual allele frequencies estimated (19).	RMSE=0.0001463
Individual allele frequencies estimated (20).	RMSE=0.0001348
Individual allele frequencies estimated (21).	RMSE=0.0001244
Individual allele frequencies estimated (22).	RMSE=0.1111111
Individual allele frequencies estimated (23).	RMSE=0.0001067
Individual allele frequencies estimated (24).	RMSE=0.0000990
Individual allele frequencies estimated (25).	RMSE=0.0000921
Individual allele frequencies estimated (26).	RMSE=0.0000858
Individual allele frequencies estimated (27).	RMSE=0.0000801
Individual allele frequencies estimated (28).	RMSE=0.0000749
Individual allele frequencies estimated (29).	RMSE=0.0000702
Individual allele frequencies estimated (30).	RMSE=0.0000658
Individual allele frequencies estimated (31).	RMSE=0.0000619
Individual allele frequencies estimated (32).	RMSE=0.0000583
Individual allele frequencies estimated (33).	RMSE=0.0000549
Individual allele frequencies estimated (34).	RMSE=0.0000519
Individual allele frequencies estimated (35).	RMSE=0.0000491
Individual allele frequencies estimated (36).	RMSE=0.0000465
Individual allele frequencies estimated (37).	RMSE=0.0000442
Individual allele frequencies estimated (38).	RMSE=0.0000420
Individual allele frequencies estimated (39).	RMSE=0.0000400
Individual allele frequencies estimated (40).	RMSE=0.0000381
Individual allele frequencies estimated (41).	RMSE=0.0000364
Individual allele frequencies estimated (42).	RMSE=0.0000348
Individual allele frequencies estimated (43).	RMSE=0.0000333
Individual allele frequencies estimated (44).	RMSE=0.0000319
Individual allele frequencies estimated (45).	RMSE=0.0000306
Individual allele frequencies estimated (46).	RMSE=0.0000294
Individual allele frequencies estimated (47).	RMSE=0.0000282
Individual allele frequencies estimated (48).	RMSE=0.0000272
Individual allele frequencies estimated (49).	RMSE=0.0000262
Individual allele frequencies estimated (50).	RMSE=0.0000252
Individual allele frequencies estimated (51).	RMSE=0.0000243
Individual allele frequencies estimated (52).	RMSE=0.0000235
Individual allele frequencies estimated (53).	RMSE=0.0000227
Individual allele frequencies estimated (54).	RMSE=0.0000219
Individual allele frequencies estimated (55).	RMSE=0.0000212
Individual allele frequencies estimated (56).	RMSE=0.0000205
Individual allele frequencies estimated (57).	RMSE=0.0000198
Individual allele frequencies estimated (58).	RMSE=0.0000191
Individual allele frequencies estimated (59).	RMSE=0.0000185
Individual allele frequencies estimated (60).	RMSE=0.0000179
Individual allele frequencies estimated (61).	RMSE=0.0000174
Individual allele frequencies estimated (62).	RMSE=0.0000169
Individual allele frequencies estimated (63).	RMSE=0.0000163
Individual allele frequencies estimated (64).	RMSE=0.0000158
Individual allele frequencies estimated (65).	RMSE=0.0000154
Individual allele frequencies estimated (66).	RMSE=0.0000149
Individual allele frequencies estimated (67).	RMSE=0.0000145
Individual allele frequencies estimated (68).	RMSE=0.0000140
Individual allele frequencies estimated (69).	RMSE=0.0000136
Individual allele frequencies estimated (70).	RMSE=0.0000133
Individual allele frequencies estimated (71).	RMSE=0.0000128
Individual allele frequencies estimated (72).	RMSE=0.0000125
Individual allele frequencies estimated (73).	RMSE=0.0000121
Individual allele frequencies estimated (74).	RMSE=0.0000118
Individual allele frequencies estimated (75).	RMSE=0.0000114
Individual allele frequencies estimated (76).	RMSE=0.0000111
Individual allele frequencies estimated (77).	RMSE=0.0000108
Individual allele frequencies estimated (78).	RMSE=0.0000105
Individual allele frequencies estimated (79).	RMSE=0.0000102
Individual allele frequencies estimated (80).	RMSE=0.0000099
PCAngsd converged.
Saved covariance matrix as /netfiles02/kellrlab/Anoob/Polygenic_Adaptation/ANALYSIS/filtering_the_snps_across_REGION/selection/Full_Sampling_minMAF_filtering_run2_0.1_PCA_eigen1_retest_July2025.cov

Saved minor allele frequencies as /netfiles02/kellrlab/Anoob/Polygenic_Adaptation/ANALYSIS/filtering_the_snps_across_REGION/selection/Full_Sampling_minMAF_filtering_run2_0.1_PCA_eigen1_retest_July2025.freqs

Saved genotype dosages as /netfiles02/kellrlab/Anoob/Polygenic_Adaptation/ANALYSIS/filtering_the_snps_across_REGION/selection/Full_Sampling_minMAF_filtering_run2_0.1_PCA_eigen1_retest_July2025.dosage.npy (Binary)

Creating boolean vector of sites surviving filters.
Saved boolean vector of sites kept after filtering as /netfiles02/kellrlab/Anoob/Polygenic_Adaptation/ANALYSIS/filtering_the_snps_across_REGION/selection/Full_Sampling_minMAF_filtering_run2_0.1_PCA_eigen1_retest_July2025.sites
Total elapsed time: 2m52s
eigen 2 run started
------------------------------------
PCAngsd v1.36.1
Jonas Meisner and Anders Albrechtsen
Using 5 thread(s)
------------------------------------

Parsing Beagle file.
Loaded 742006 sites and 324 samples.
Estimating minor allele frequencies.
EM (MAF) converged at iteration: 18
Number of sites after MAF filtering (0.05): 742006

Estimating covariance matrix.
Using 2 principal components (manually selected).
Individual allele frequencies estimated (1).
Individual allele frequencies estimated (2).	RMSE=0.0025099
Individual allele frequencies estimated (3).	RMSE=0.0017682
Individual allele frequencies estimated (4).	RMSE=0.0785681
Individual allele frequencies estimated (5).	RMSE=0.0012393
Individual allele frequencies estimated (6).	RMSE=0.0010773
Individual allele frequencies estimated (7).	RMSE=0.0009365
Individual allele frequencies estimated (8).	RMSE=0.0008163
Individual allele frequencies estimated (9).	RMSE=0.0007140
Individual allele frequencies estimated (10).	RMSE=0.0006274
Individual allele frequencies estimated (11).	RMSE=0.0005543
Individual allele frequencies estimated (12).	RMSE=0.0004933
Individual allele frequencies estimated (13).	RMSE=0.0004415
Individual allele frequencies estimated (14).	RMSE=0.0003975
Individual allele frequencies estimated (15).	RMSE=0.0003595
Individual allele frequencies estimated (16).	RMSE=0.0003261
Individual allele frequencies estimated (17).	RMSE=0.0002969
Individual allele frequencies estimated (18).	RMSE=0.0002711
Individual allele frequencies estimated (19).	RMSE=0.0002480
Individual allele frequencies estimated (20).	RMSE=0.0002271
Individual allele frequencies estimated (21).	RMSE=0.0002083
Individual allele frequencies estimated (22).	RMSE=0.0001917
Individual allele frequencies estimated (23).	RMSE=0.0001767
Individual allele frequencies estimated (24).	RMSE=0.0001631
Individual allele frequencies estimated (25).	RMSE=0.0001507
Individual allele frequencies estimated (26).	RMSE=0.0001395
Individual allele frequencies estimated (27).	RMSE=0.0001292
Individual allele frequencies estimated (28).	RMSE=0.0001201
Individual allele frequencies estimated (29).	RMSE=0.0001114
Individual allele frequencies estimated (30).	RMSE=0.0001036
Individual allele frequencies estimated (31).	RMSE=0.0000963
Individual allele frequencies estimated (32).	RMSE=0.0000896
Individual allele frequencies estimated (33).	RMSE=0.0000834
Individual allele frequencies estimated (34).	RMSE=0.0000775
Individual allele frequencies estimated (35).	RMSE=0.0000722
Individual allele frequencies estimated (36).	RMSE=0.0000673
Individual allele frequencies estimated (37).	RMSE=0.0000627
Individual allele frequencies estimated (38).	RMSE=0.0000584
Individual allele frequencies estimated (39).	RMSE=0.0000545
Individual allele frequencies estimated (40).	RMSE=0.0000509
Individual allele frequencies estimated (41).	RMSE=0.0000475
Individual allele frequencies estimated (42).	RMSE=0.0000446
Individual allele frequencies estimated (43).	RMSE=0.0000417
Individual allele frequencies estimated (44).	RMSE=0.0000390
Individual allele frequencies estimated (45).	RMSE=0.0000361
Individual allele frequencies estimated (46).	RMSE=0.0000339
Individual allele frequencies estimated (47).	RMSE=0.0000320
Individual allele frequencies estimated (48).	RMSE=0.0000301
Individual allele frequencies estimated (49).	RMSE=0.0000282
Individual allele frequencies estimated (50).	RMSE=0.0000266
Individual allele frequencies estimated (51).	RMSE=0.0000249
Individual allele frequencies estimated (52).	RMSE=0.0000233
Individual allele frequencies estimated (53).	RMSE=0.0000219
Individual allele frequencies estimated (54).	RMSE=0.0000206
Individual allele frequencies estimated (55).	RMSE=0.0000193
Individual allele frequencies estimated (56).	RMSE=0.0000181
Individual allele frequencies estimated (57).	RMSE=0.0000171
Individual allele frequencies estimated (58).	RMSE=0.0000160
Individual allele frequencies estimated (59).	RMSE=0.0000150
Individual allele frequencies estimated (60).	RMSE=0.0000141
Individual allele frequencies estimated (61).	RMSE=0.0000132
Individual allele frequencies estimated (62).	RMSE=0.0000125
Individual allele frequencies estimated (63).	RMSE=0.0000117
Individual allele frequencies estimated (64).	RMSE=0.0000111
Individual allele frequencies estimated (65).	RMSE=0.0000105
Individual allele frequencies estimated (66).	RMSE=0.0000099
PCAngsd converged.
Saved covariance matrix as /netfiles02/kellrlab/Anoob/Polygenic_Adaptation/ANALYSIS/filtering_the_snps_across_REGION/selection/Full_Sampling_minMAF_filtering_run2_0.1_PCA_eigen2_retest_July2025.cov

Saved minor allele frequencies as /netfiles02/kellrlab/Anoob/Polygenic_Adaptation/ANALYSIS/filtering_the_snps_across_REGION/selection/Full_Sampling_minMAF_filtering_run2_0.1_PCA_eigen2_retest_July2025.freqs

Saved genotype dosages as /netfiles02/kellrlab/Anoob/Polygenic_Adaptation/ANALYSIS/filtering_the_snps_across_REGION/selection/Full_Sampling_minMAF_filtering_run2_0.1_PCA_eigen2_retest_July2025.dosage.npy (Binary)

Creating boolean vector of sites surviving filters.
Saved boolean vector of sites kept after filtering as /netfiles02/kellrlab/Anoob/Polygenic_Adaptation/ANALYSIS/filtering_the_snps_across_REGION/selection/Full_Sampling_minMAF_filtering_run2_0.1_PCA_eigen2_retest_July2025.sites
Total elapsed time: 2m31s
