0#########################################0
eigen 2
0#########################################0
------------------------------------
PCAngsd v1.36.1
Jonas Meisner and Anders Albrechtsen
Using 24 thread(s)
------------------------------------

Parsing Beagle file.
Loaded 1594039 sites and 324 samples.
Estimating minor allele frequencies.
EM (MAF) converged at iteration: 27
Number of sites after MAF filtering (0.05): 1237199

Estimating covariance matrix.
Using 2 principal components (manually selected).
Individual allele frequencies estimated (1).
Individual allele frequencies estimated (2).	RMSE=0.0024391
Individual allele frequencies estimated (3).	RMSE=0.0017753
Individual allele frequencies estimated (4).	RMSE=0.0785677
Individual allele frequencies estimated (5).	RMSE=0.0012858
Individual allele frequencies estimated (6).	RMSE=0.0010971
Individual allele frequencies estimated (7).	RMSE=0.0009299
Individual allele frequencies estimated (8).	RMSE=0.0007903
Individual allele frequencies estimated (9).	RMSE=0.0006779
Individual allele frequencies estimated (10).	RMSE=0.0005876
Individual allele frequencies estimated (11).	RMSE=0.0005147
Individual allele frequencies estimated (12).	RMSE=0.0004560
Individual allele frequencies estimated (13).	RMSE=0.0004068
Individual allele frequencies estimated (14).	RMSE=0.0003658
Individual allele frequencies estimated (15).	RMSE=0.0003305
Individual allele frequencies estimated (16).	RMSE=0.0003003
Individual allele frequencies estimated (17).	RMSE=0.0002732
Individual allele frequencies estimated (18).	RMSE=0.0002497
Individual allele frequencies estimated (19).	RMSE=0.0002294
Individual allele frequencies estimated (20).	RMSE=0.0002108
Individual allele frequencies estimated (21).	RMSE=0.0001940
Individual allele frequencies estimated (22).	RMSE=0.0001787
Individual allele frequencies estimated (23).	RMSE=0.0001644
Individual allele frequencies estimated (24).	RMSE=0.0001521
Individual allele frequencies estimated (25).	RMSE=0.0001408
Individual allele frequencies estimated (26).	RMSE=0.0001305
Individual allele frequencies estimated (27).	RMSE=0.0001206
Individual allele frequencies estimated (28).	RMSE=0.0001120
Individual allele frequencies estimated (29).	RMSE=0.0001040
Individual allele frequencies estimated (30).	RMSE=0.0000968
Individual allele frequencies estimated (31).	RMSE=0.0000902
Individual allele frequencies estimated (32).	RMSE=0.0000843
Individual allele frequencies estimated (33).	RMSE=0.0000778
Individual allele frequencies estimated (34).	RMSE=0.0785674
Individual allele frequencies estimated (35).	RMSE=0.0000677
Individual allele frequencies estimated (36).	RMSE=0.0000630
Individual allele frequencies estimated (37).	RMSE=0.0000586
Individual allele frequencies estimated (38).	RMSE=0.0000546
Individual allele frequencies estimated (39).	RMSE=0.0000511
Individual allele frequencies estimated (40).	RMSE=0.0000476
Individual allele frequencies estimated (41).	RMSE=0.0000444
Individual allele frequencies estimated (42).	RMSE=0.0000417
Individual allele frequencies estimated (43).	RMSE=0.0000386
Individual allele frequencies estimated (44).	RMSE=0.0000361
Individual allele frequencies estimated (45).	RMSE=0.0000337
Individual allele frequencies estimated (46).	RMSE=0.0000316
Individual allele frequencies estimated (47).	RMSE=0.0000299
Individual allele frequencies estimated (48).	RMSE=0.0000277
Individual allele frequencies estimated (49).	RMSE=0.0000260
Individual allele frequencies estimated (50).	RMSE=0.0000245
Individual allele frequencies estimated (51).	RMSE=0.0000230
Individual allele frequencies estimated (52).	RMSE=0.0000215
Individual allele frequencies estimated (53).	RMSE=0.0000207
Individual allele frequencies estimated (54).	RMSE=0.0000191
Individual allele frequencies estimated (55).	RMSE=0.0000179
Individual allele frequencies estimated (56).	RMSE=0.0000168
Individual allele frequencies estimated (57).	RMSE=0.0000157
Individual allele frequencies estimated (58).	RMSE=0.0000151
Individual allele frequencies estimated (59).	RMSE=0.0000142
Individual allele frequencies estimated (60).	RMSE=0.0000131
Individual allele frequencies estimated (61).	RMSE=0.0000123
Individual allele frequencies estimated (62).	RMSE=0.0000115
Individual allele frequencies estimated (63).	RMSE=0.0000109
Individual allele frequencies estimated (64).	RMSE=0.0000109
Individual allele frequencies estimated (65).	RMSE=0.0000094
PCAngsd converged.
Saved covariance matrix as /netfiles02/kellrlab/Anoob/Polygenic_Adaptation/ANALYSIS/filtering_the_snps_across_REGION/minMAF_filtering/no_MAF_filter/Full_Sampling_minMAF_filtering_0.05_PCA_admix_K2_eigen2.cov

Estimating admixture proportions using NMF (CSG-MU).
K=2, Alpha=0.0, Batches=10, Seed=0
CSG-MU (1).	RMSE=0.234990901
CSG-MU (2).	RMSE=0.015915506
CSG-MU (3).	RMSE=0.267960224
CSG-MU (4).	RMSE=0.012708487
CSG-MU (5).	RMSE=0.004304300
CSG-MU (6).	RMSE=0.006710543
CSG-MU (7).	RMSE=0.005944191
CSG-MU (8).	RMSE=0.004369573
CSG-MU (9).	RMSE=0.003363651
CSG-MU (10).	RMSE=0.002771469
CSG-MU (11).	RMSE=0.002282693
CSG-MU (12).	RMSE=0.001947018
CSG-MU (13).	RMSE=0.001627061
CSG-MU (14).	RMSE=0.001398859
CSG-MU (15).	RMSE=0.001222817
CSG-MU (16).	RMSE=0.001045518
CSG-MU (17).	RMSE=0.000935873
CSG-MU (18).	RMSE=0.000815958
CSG-MU (19).	RMSE=0.000726051
CSG-MU (20).	RMSE=0.000642226
CSG-MU (21).	RMSE=0.000573886
CSG-MU (22).	RMSE=0.000529195
CSG-MU (23).	RMSE=0.000475803
CSG-MU (24).	RMSE=0.000432351
CSG-MU (25).	RMSE=0.000403683
CSG-MU (26).	RMSE=0.000360914
CSG-MU (27).	RMSE=0.000335750
CSG-MU (28).	RMSE=0.000307245
CSG-MU (29).	RMSE=0.000279909
CSG-MU (30).	RMSE=0.000251729
CSG-MU (31).	RMSE=0.000244257
CSG-MU (32).	RMSE=0.000219602
CSG-MU (33).	RMSE=0.000203542
CSG-MU (34).	RMSE=0.000197931
CSG-MU (35).	RMSE=0.000176943
CSG-MU (36).	RMSE=0.000169356
CSG-MU (37).	RMSE=0.000150181
CSG-MU (38).	RMSE=0.000145328
CSG-MU (39).	RMSE=0.000133007
CSG-MU (40).	RMSE=0.000122949
CSG-MU (41).	RMSE=0.000124922
CSG-MU (42).	RMSE=0.000101981
CSG-MU (43).	RMSE=0.000098479
CSG-MU (44).	RMSE=0.000100363
CSG-MU (45).	RMSE=0.000084806
CSG-MU (46).	RMSE=0.000083723
CSG-MU (47).	RMSE=0.000076797
CSG-MU (48).	RMSE=0.000080419
CSG-MU (49).	RMSE=0.000063017
CSG-MU (50).	RMSE=0.000070818
CSG-MU (51).	RMSE=0.000056956
CSG-MU (52).	RMSE=0.000057388
CSG-MU (53).	RMSE=0.000054792
CSG-MU (54).	RMSE=0.000052721
CSG-MU (55).	RMSE=0.000042902
CSG-MU (56).	RMSE=0.000046847
CSG-MU (57).	RMSE=0.000042714
CSG-MU (58).	RMSE=0.000044648
CSG-MU (59).	RMSE=0.000038177
CSG-MU (60).	RMSE=0.000037200
CSG-MU (61).	RMSE=0.000035454
CSG-MU (62).	RMSE=0.000036562
CSG-MU (63).	RMSE=0.000025547
CSG-MU (64).	RMSE=0.000027266
CSG-MU (65).	RMSE=0.000023609
CSG-MU (66).	RMSE=0.000025599
CSG-MU (67).	RMSE=0.000025997
CSG-MU (68).	RMSE=0.000021039
CSG-MU (69).	RMSE=0.000020721
CSG-MU (70).	RMSE=0.000021688
CSG-MU (71).	RMSE=0.000014458
CSG-MU (72).	RMSE=0.000016530
CSG-MU (73).	RMSE=0.000017054
CSG-MU (74).	RMSE=0.000021517
CSG-MU (75).	RMSE=0.000014871
CSG-MU (76).	RMSE=0.000012393
CSG-MU (77).	RMSE=0.000011858
CSG-MU (78).	RMSE=0.000011715
CSG-MU (79).	RMSE=0.000010543
CSG-MU (80).	RMSE=0.000011559
CSG-MU (81).	RMSE=0.000009498
Converged.
Frobenius error: 674.85132
Log-likelihood: -371345434.26826
Saved admixture proportions as /netfiles02/kellrlab/Anoob/Polygenic_Adaptation/ANALYSIS/filtering_the_snps_across_REGION/minMAF_filtering/no_MAF_filter/Full_Sampling_minMAF_filtering_0.05_PCA_admix_K2_eigen2.admix.2.Q
Saved ancestral allele frequencies proportions as /netfiles02/kellrlab/Anoob/Polygenic_Adaptation/ANALYSIS/filtering_the_snps_across_REGION/minMAF_filtering/no_MAF_filter/Full_Sampling_minMAF_filtering_0.05_PCA_admix_K2_eigen2.admix.2.P

Saved genotype dosages as /netfiles02/kellrlab/Anoob/Polygenic_Adaptation/ANALYSIS/filtering_the_snps_across_REGION/minMAF_filtering/no_MAF_filter/Full_Sampling_minMAF_filtering_0.05_PCA_admix_K2_eigen2.dosage.npy (Binary)

Saved individual allele frequencies as /netfiles02/kellrlab/Anoob/Polygenic_Adaptation/ANALYSIS/filtering_the_snps_across_REGION/minMAF_filtering/no_MAF_filter/Full_Sampling_minMAF_filtering_0.05_PCA_admix_K2_eigen2.pi.npy (Binary)

Creating boolean vector of sites surviving filters.
Saved boolean vector of sites kept after filtering as /netfiles02/kellrlab/Anoob/Polygenic_Adaptation/ANALYSIS/filtering_the_snps_across_REGION/minMAF_filtering/no_MAF_filter/Full_Sampling_minMAF_filtering_0.05_PCA_admix_K2_eigen2.sites
Total elapsed time: 6m41s
