0#########################################0
eigen 1
0#########################################0
------------------------------------
PCAngsd v1.36.1
Jonas Meisner and Anders Albrechtsen
Using 24 thread(s)
------------------------------------

Parsing Beagle file.
Loaded 2434524 sites and 324 samples.
Estimating minor allele frequencies.
EM (MAF) converged at iteration: 28
Number of sites after MAF filtering (0.1): 975357

Estimating covariance matrix.
Using 1 principal components (manually selected).
Individual allele frequencies estimated (1).
Individual allele frequencies estimated (2).	RMSE=0.1110865
Individual allele frequencies estimated (3).	RMSE=0.0015262
Individual allele frequencies estimated (4).	RMSE=0.1111054
Individual allele frequencies estimated (5).	RMSE=0.0008975
Individual allele frequencies estimated (6).	RMSE=0.0007533
Individual allele frequencies estimated (7).	RMSE=0.0006529
Individual allele frequencies estimated (8).	RMSE=0.0005791
Individual allele frequencies estimated (9).	RMSE=0.0005221
Individual allele frequencies estimated (10).	RMSE=0.0004764
Individual allele frequencies estimated (11).	RMSE=0.0004391
Individual allele frequencies estimated (12).	RMSE=0.0004079
Individual allele frequencies estimated (13).	RMSE=0.0003813
Individual allele frequencies estimated (14).	RMSE=0.0003586
Individual allele frequencies estimated (15).	RMSE=0.0003389
Individual allele frequencies estimated (16).	RMSE=0.0003214
Individual allele frequencies estimated (17).	RMSE=0.0003063
Individual allele frequencies estimated (18).	RMSE=0.0002927
Individual allele frequencies estimated (19).	RMSE=0.0002806
Individual allele frequencies estimated (20).	RMSE=0.0002696
Individual allele frequencies estimated (21).	RMSE=0.0002598
Individual allele frequencies estimated (22).	RMSE=0.0002507
Individual allele frequencies estimated (23).	RMSE=0.0002424
Individual allele frequencies estimated (24).	RMSE=0.0002348
Individual allele frequencies estimated (25).	RMSE=0.0002277
Individual allele frequencies estimated (26).	RMSE=0.0002212
Individual allele frequencies estimated (27).	RMSE=0.0002150
Individual allele frequencies estimated (28).	RMSE=0.0002091
Individual allele frequencies estimated (29).	RMSE=0.0002036
Individual allele frequencies estimated (30).	RMSE=0.0001984
Individual allele frequencies estimated (31).	RMSE=0.0001934
Individual allele frequencies estimated (32).	RMSE=0.0001887
Individual allele frequencies estimated (33).	RMSE=0.0001841
Individual allele frequencies estimated (34).	RMSE=0.0001798
Individual allele frequencies estimated (35).	RMSE=0.0001755
Individual allele frequencies estimated (36).	RMSE=0.0001715
Individual allele frequencies estimated (37).	RMSE=0.0001675
Individual allele frequencies estimated (38).	RMSE=0.1111110
Individual allele frequencies estimated (39).	RMSE=0.0001600
Individual allele frequencies estimated (40).	RMSE=0.0001564
Individual allele frequencies estimated (41).	RMSE=0.0001529
Individual allele frequencies estimated (42).	RMSE=0.0001494
Individual allele frequencies estimated (43).	RMSE=0.0001460
Individual allele frequencies estimated (44).	RMSE=0.0001428
Individual allele frequencies estimated (45).	RMSE=0.0001395
Individual allele frequencies estimated (46).	RMSE=0.0001364
Individual allele frequencies estimated (47).	RMSE=0.0001333
Individual allele frequencies estimated (48).	RMSE=0.0001303
Individual allele frequencies estimated (49).	RMSE=0.0001274
Individual allele frequencies estimated (50).	RMSE=0.0001245
Individual allele frequencies estimated (51).	RMSE=0.0001218
Individual allele frequencies estimated (52).	RMSE=0.0001189
Individual allele frequencies estimated (53).	RMSE=0.0001162
Individual allele frequencies estimated (54).	RMSE=0.0001136
Individual allele frequencies estimated (55).	RMSE=0.0001108
Individual allele frequencies estimated (56).	RMSE=0.0001083
Individual allele frequencies estimated (57).	RMSE=0.0001058
Individual allele frequencies estimated (58).	RMSE=0.0001034
Individual allele frequencies estimated (59).	RMSE=0.0001010
Individual allele frequencies estimated (60).	RMSE=0.0000985
Individual allele frequencies estimated (61).	RMSE=0.0000964
Individual allele frequencies estimated (62).	RMSE=0.0000940
Individual allele frequencies estimated (63).	RMSE=0.0000918
Individual allele frequencies estimated (64).	RMSE=0.0000896
Individual allele frequencies estimated (65).	RMSE=0.0000875
Individual allele frequencies estimated (66).	RMSE=0.0000854
Individual allele frequencies estimated (67).	RMSE=0.0000835
Individual allele frequencies estimated (68).	RMSE=0.0000814
Individual allele frequencies estimated (69).	RMSE=0.0000795
Individual allele frequencies estimated (70).	RMSE=0.0000775
Individual allele frequencies estimated (71).	RMSE=0.0000758
Individual allele frequencies estimated (72).	RMSE=0.0000739
Individual allele frequencies estimated (73).	RMSE=0.0000721
Individual allele frequencies estimated (74).	RMSE=0.0000703
Individual allele frequencies estimated (75).	RMSE=0.0000687
Individual allele frequencies estimated (76).	RMSE=0.0000669
Individual allele frequencies estimated (77).	RMSE=0.0000652
Individual allele frequencies estimated (78).	RMSE=0.0000637
Individual allele frequencies estimated (79).	RMSE=0.0000621
Individual allele frequencies estimated (80).	RMSE=0.0000607
Individual allele frequencies estimated (81).	RMSE=0.0000590
Individual allele frequencies estimated (82).	RMSE=0.0000576
Individual allele frequencies estimated (83).	RMSE=0.0000562
Individual allele frequencies estimated (84).	RMSE=0.0000548
Individual allele frequencies estimated (85).	RMSE=0.0000535
Individual allele frequencies estimated (86).	RMSE=0.0000520
Individual allele frequencies estimated (87).	RMSE=0.0000507
Individual allele frequencies estimated (88).	RMSE=0.0000495
Individual allele frequencies estimated (89).	RMSE=0.0000483
Individual allele frequencies estimated (90).	RMSE=0.0000469
Individual allele frequencies estimated (91).	RMSE=0.0000459
Individual allele frequencies estimated (92).	RMSE=0.0000447
Individual allele frequencies estimated (93).	RMSE=0.0000436
Individual allele frequencies estimated (94).	RMSE=0.0000424
Individual allele frequencies estimated (95).	RMSE=0.0000414
Individual allele frequencies estimated (96).	RMSE=0.0000404
Individual allele frequencies estimated (97).	RMSE=0.0000391
Individual allele frequencies estimated (98).	RMSE=0.0000383
Individual allele frequencies estimated (99).	RMSE=0.0000373
Individual allele frequencies estimated (100).	RMSE=0.0000364
Individual allele frequencies estimated (101).	RMSE=0.0000354
Individual allele frequencies estimated (102).	RMSE=0.0000345
Individual allele frequencies estimated (103).	RMSE=0.0000336
Individual allele frequencies estimated (104).	RMSE=0.0000327
Individual allele frequencies estimated (105).	RMSE=0.0000318
Individual allele frequencies estimated (106).	RMSE=0.0000311
Individual allele frequencies estimated (107).	RMSE=0.0000303
Individual allele frequencies estimated (108).	RMSE=0.0000294
Individual allele frequencies estimated (109).	RMSE=0.0000288
Individual allele frequencies estimated (110).	RMSE=0.0000280
Individual allele frequencies estimated (111).	RMSE=0.0000272
Individual allele frequencies estimated (112).	RMSE=0.0000265
Individual allele frequencies estimated (113).	RMSE=0.0000258
Individual allele frequencies estimated (114).	RMSE=0.0000251
Individual allele frequencies estimated (115).	RMSE=0.0000245
Individual allele frequencies estimated (116).	RMSE=0.0000239
Individual allele frequencies estimated (117).	RMSE=0.0000232
Individual allele frequencies estimated (118).	RMSE=0.0000226
Individual allele frequencies estimated (119).	RMSE=0.0000220
Individual allele frequencies estimated (120).	RMSE=0.0000214
Individual allele frequencies estimated (121).	RMSE=0.0000209
Individual allele frequencies estimated (122).	RMSE=0.0000204
Individual allele frequencies estimated (123).	RMSE=0.0000198
Individual allele frequencies estimated (124).	RMSE=0.0000192
Individual allele frequencies estimated (125).	RMSE=0.0000187
Individual allele frequencies estimated (126).	RMSE=0.0000183
Individual allele frequencies estimated (127).	RMSE=0.0000178
Individual allele frequencies estimated (128).	RMSE=0.0000174
Individual allele frequencies estimated (129).	RMSE=0.0000169
Individual allele frequencies estimated (130).	RMSE=0.0000164
Individual allele frequencies estimated (131).	RMSE=0.0000159
Individual allele frequencies estimated (132).	RMSE=0.0000156
Individual allele frequencies estimated (133).	RMSE=0.0000151
Individual allele frequencies estimated (134).	RMSE=0.0000147
Individual allele frequencies estimated (135).	RMSE=0.0000144
Individual allele frequencies estimated (136).	RMSE=0.0000140
Individual allele frequencies estimated (137).	RMSE=0.0000136
Individual allele frequencies estimated (138).	RMSE=0.0000132
Individual allele frequencies estimated (139).	RMSE=0.0000130
Individual allele frequencies estimated (140).	RMSE=0.0000126
Individual allele frequencies estimated (141).	RMSE=0.0000122
Individual allele frequencies estimated (142).	RMSE=0.0000119
Individual allele frequencies estimated (143).	RMSE=0.0000115
Individual allele frequencies estimated (144).	RMSE=0.0000112
Individual allele frequencies estimated (145).	RMSE=0.0000110
Individual allele frequencies estimated (146).	RMSE=0.0000108
Individual allele frequencies estimated (147).	RMSE=0.0000104
Individual allele frequencies estimated (148).	RMSE=0.0000101
Individual allele frequencies estimated (149).	RMSE=0.0000099
PCAngsd converged.
Saved covariance matrix as /netfiles02/kellrlab/Anoob/Polygenic_Adaptation/ANALYSIS/filtering_the_snps_across_REGION/kinship_matrix/pcangsd/red_spruce_fam324_eigen1_MAF0.1.cov

Saved minor allele frequencies as /netfiles02/kellrlab/Anoob/Polygenic_Adaptation/ANALYSIS/filtering_the_snps_across_REGION/kinship_matrix/pcangsd/red_spruce_fam324_eigen1_MAF0.1.freqs

Saved genotype dosages as /netfiles02/kellrlab/Anoob/Polygenic_Adaptation/ANALYSIS/filtering_the_snps_across_REGION/kinship_matrix/pcangsd/red_spruce_fam324_eigen1_MAF0.1.dosage.npy (Binary)

Saved individual allele frequencies as /netfiles02/kellrlab/Anoob/Polygenic_Adaptation/ANALYSIS/filtering_the_snps_across_REGION/kinship_matrix/pcangsd/red_spruce_fam324_eigen1_MAF0.1.pi.npy (Binary)

Creating boolean vector of sites surviving filters.
Saved boolean vector of sites kept after filtering as /netfiles02/kellrlab/Anoob/Polygenic_Adaptation/ANALYSIS/filtering_the_snps_across_REGION/kinship_matrix/pcangsd/red_spruce_fam324_eigen1_MAF0.1.sites
Total elapsed time: 5m12s
